  MyForm.cpp
i:\smartgit\smartgit\rep\n7\n7\myform2.h(1465): warning C4101: e: неиспользованная локальная переменная
i:\smartgit\smartgit\rep\n7\n7\myform.h(1194): warning C4244: аргумент: преобразование "double" в "int", возможна потеря данных
i:\smartgit\smartgit\rep\n7\n7\myform.h(1195): warning C4244: аргумент: преобразование "double" в "int", возможна потеря данных
i:\smartgit\smartgit\rep\n7\n7\myform.h(1196): warning C4244: аргумент: преобразование "double" в "int", возможна потеря данных
i:\smartgit\smartgit\rep\n7\n7\myform.h(1224): warning C4244: аргумент: преобразование "double" в "int", возможна потеря данных
i:\smartgit\smartgit\rep\n7\n7\myform.h(1225): warning C4244: аргумент: преобразование "double" в "int", возможна потеря данных
i:\smartgit\smartgit\rep\n7\n7\myform.h(1226): warning C4244: аргумент: преобразование "double" в "int", возможна потеря данных
i:\smartgit\smartgit\rep\n7\n7\myform.h(1250): warning C4244: аргумент: преобразование "double" в "int", возможна потеря данных
i:\smartgit\smartgit\rep\n7\n7\myform.h(1148): warning C4101: to: неиспользованная локальная переменная
i:\smartgit\smartgit\rep\n7\n7\myform.h(1339): warning C4244: аргумент: преобразование "double" в "int", возможна потеря данных
i:\smartgit\smartgit\rep\n7\n7\myform.h(1340): warning C4244: аргумент: преобразование "double" в "int", возможна потеря данных
i:\smartgit\smartgit\rep\n7\n7\myform.h(1341): warning C4244: аргумент: преобразование "double" в "int", возможна потеря данных
i:\smartgit\smartgit\rep\n7\n7\myform.h(1367): warning C4244: аргумент: преобразование "double" в "int", возможна потеря данных
i:\smartgit\smartgit\rep\n7\n7\myform.h(1368): warning C4244: аргумент: преобразование "double" в "int", возможна потеря данных
i:\smartgit\smartgit\rep\n7\n7\myform.h(1369): warning C4244: аргумент: преобразование "double" в "int", возможна потеря данных
i:\smartgit\smartgit\rep\n7\n7\myform.h(1392): warning C4244: аргумент: преобразование "double" в "int", возможна потеря данных
i:\smartgit\smartgit\rep\n7\n7\myform.h(1430): warning C4244: аргумент: преобразование "double" в "int", возможна потеря данных
i:\smartgit\smartgit\rep\n7\n7\myform.h(1290): warning C4101: max2: неиспользованная локальная переменная
i:\smartgit\smartgit\rep\n7\n7\myform.h(1543): warning C4244: аргумент: преобразование "double" в "int", возможна потеря данных
i:\smartgit\smartgit\rep\n7\n7\myform.h(1490): warning C4101: max2: неиспользованная локальная переменная
i:\smartgit\smartgit\rep\n7\n7\myform.h(1637): warning C4996: 'strtok': This function or variable may be unsafe. Consider using strtok_s instead. To disable deprecation, use _CRT_SECURE_NO_WARNINGS. See online help for details.
  c:\program files (x86)\windows kits\10\include\10.0.17763.0\ucrt\string.h(440): note:  см. объявление "strtok"
i:\smartgit\smartgit\rep\n7\n7\myform.h(1670): warning C4996: 'strtok': This function or variable may be unsafe. Consider using strtok_s instead. To disable deprecation, use _CRT_SECURE_NO_WARNINGS. See online help for details.
  c:\program files (x86)\windows kits\10\include\10.0.17763.0\ucrt\string.h(440): note:  см. объявление "strtok"
i:\smartgit\smartgit\rep\n7\n7\myform.h(1768): warning C4996: 'strtok': This function or variable may be unsafe. Consider using strtok_s instead. To disable deprecation, use _CRT_SECURE_NO_WARNINGS. See online help for details.
  c:\program files (x86)\windows kits\10\include\10.0.17763.0\ucrt\string.h(440): note:  см. объявление "strtok"
i:\smartgit\smartgit\rep\n7\n7\myform.h(1799): warning C4996: 'strtok': This function or variable may be unsafe. Consider using strtok_s instead. To disable deprecation, use _CRT_SECURE_NO_WARNINGS. See online help for details.
  c:\program files (x86)\windows kits\10\include\10.0.17763.0\ucrt\string.h(440): note:  см. объявление "strtok"
i:\smartgit\smartgit\rep\n7\n7\myform.cpp(6): warning C4829: Возможно, неправильные параметры функции main. Рекомендуемый вариант - "int main(Platform::Array<Platform::String^>^ argv)"
  MyForm2.cpp
i:\smartgit\smartgit\rep\n7\n7\myform2.h(1465): warning C4101: e: неиспользованная локальная переменная
  Создание кода...
  .NETFramework,Version=v4.6.1.AssemblyAttributes.cpp
  N7.vcxproj -> I:\SmartGit\SmartGit\rep\N7\Release\N7.exe
