  MyForm.cpp
i:\smartgit\smartgit\rep\n7\n7\myform2.h(1453): warning C4101: e: неиспользованная локальная переменная
i:\smartgit\smartgit\rep\n7\n7\myform.h(1135): warning C4244: аргумент: преобразование "double" в "int", возможна потеря данных
i:\smartgit\smartgit\rep\n7\n7\myform.h(1136): warning C4244: аргумент: преобразование "double" в "int", возможна потеря данных
i:\smartgit\smartgit\rep\n7\n7\myform.h(1137): warning C4244: аргумент: преобразование "double" в "int", возможна потеря данных
i:\smartgit\smartgit\rep\n7\n7\myform.h(1163): warning C4244: аргумент: преобразование "double" в "int", возможна потеря данных
i:\smartgit\smartgit\rep\n7\n7\myform.h(1164): warning C4244: аргумент: преобразование "double" в "int", возможна потеря данных
i:\smartgit\smartgit\rep\n7\n7\myform.h(1165): warning C4244: аргумент: преобразование "double" в "int", возможна потеря данных
i:\smartgit\smartgit\rep\n7\n7\myform.h(1188): warning C4244: аргумент: преобразование "double" в "int", возможна потеря данных
i:\smartgit\smartgit\rep\n7\n7\myform.h(1100): warning C4101: to: неиспользованная локальная переменная
i:\smartgit\smartgit\rep\n7\n7\myform.h(1280): warning C4244: аргумент: преобразование "double" в "int", возможна потеря данных
i:\smartgit\smartgit\rep\n7\n7\myform.h(1281): warning C4244: аргумент: преобразование "double" в "int", возможна потеря данных
i:\smartgit\smartgit\rep\n7\n7\myform.h(1282): warning C4244: аргумент: преобразование "double" в "int", возможна потеря данных
i:\smartgit\smartgit\rep\n7\n7\myform.h(1308): warning C4244: аргумент: преобразование "double" в "int", возможна потеря данных
i:\smartgit\smartgit\rep\n7\n7\myform.h(1309): warning C4244: аргумент: преобразование "double" в "int", возможна потеря данных
i:\smartgit\smartgit\rep\n7\n7\myform.h(1310): warning C4244: аргумент: преобразование "double" в "int", возможна потеря данных
i:\smartgit\smartgit\rep\n7\n7\myform.h(1333): warning C4244: аргумент: преобразование "double" в "int", возможна потеря данных
i:\smartgit\smartgit\rep\n7\n7\myform.h(1227): warning C4101: to: неиспользованная локальная переменная
i:\smartgit\smartgit\rep\n7\n7\myform.h(1476): warning C4996: 'strtok': This function or variable may be unsafe. Consider using strtok_s instead. To disable deprecation, use _CRT_SECURE_NO_WARNINGS. See online help for details.
  c:\program files (x86)\windows kits\10\include\10.0.17763.0\ucrt\string.h(440): note:  см. объявление "strtok"
i:\smartgit\smartgit\rep\n7\n7\myform.h(1509): warning C4996: 'strtok': This function or variable may be unsafe. Consider using strtok_s instead. To disable deprecation, use _CRT_SECURE_NO_WARNINGS. See online help for details.
  c:\program files (x86)\windows kits\10\include\10.0.17763.0\ucrt\string.h(440): note:  см. объявление "strtok"
i:\smartgit\smartgit\rep\n7\n7\myform.h(1607): warning C4996: 'strtok': This function or variable may be unsafe. Consider using strtok_s instead. To disable deprecation, use _CRT_SECURE_NO_WARNINGS. See online help for details.
  c:\program files (x86)\windows kits\10\include\10.0.17763.0\ucrt\string.h(440): note:  см. объявление "strtok"
i:\smartgit\smartgit\rep\n7\n7\myform.h(1638): warning C4996: 'strtok': This function or variable may be unsafe. Consider using strtok_s instead. To disable deprecation, use _CRT_SECURE_NO_WARNINGS. See online help for details.
  c:\program files (x86)\windows kits\10\include\10.0.17763.0\ucrt\string.h(440): note:  см. объявление "strtok"
i:\smartgit\smartgit\rep\n7\n7\myform.cpp(6): warning C4829: Возможно, неправильные параметры функции main. Рекомендуемый вариант - "int main(Platform::Array<Platform::String^>^ argv)"
  MyForm.obj : обнаружен модуль MSIL; для MSIL последовательная компоновка отключена; выполняется полная компоновка
  N7.vcxproj -> I:\SmartGit\SmartGit\rep\N7\Debug\N7.exe
